<?xml version="1.0" encoding="UTF-8"?>
<!-- Generated by org.testng.reporters.JUnitXMLReporter -->
<testsuite ignored="0" hostname="DESKTOP-PIUBL5A" failures="0" tests="3" name="Default test" time="26.307" errors="0" timestamp="2021-06-25T08:05:56 IST">
  <testcase classname="com.selenium.docker.JSAlert" name="testJSAlert" time="3.102"/>
  <testcase classname="com.selenium.docker.JSAlert" name="testDynamicContentAddButton" time="5.15"/>
  <testcase classname="com.selenium.docker.JSAlert" name="testDynamicContentEnableButton" time="3.142"/>
</testsuite> <!-- Default test -->
